build/app/intermediates/manifest_merge_blame_file/debug/processDebugMainManifest/manifest-merger-blame-debug-report.txt
1<?xml version="1.0" encoding="utf-8"?>
2<manifest xmlns:android="http://schemas.android.com/apk/res/android"
3    package="com.example.flutter_application_1"
4    android:versionCode="1"
5    android:versionName="1.0.0" >
6
7    <uses-sdk
8        android:minSdkVersion="21"
9        android:targetSdkVersion="35" />
10    <!--
11         The INTERNET permission is required for development. Specifically,
12         the Flutter tool needs it to communicate with the running application
13         to allow setting breakpoints, to provide hot reload, etc.
14    -->
15    <uses-permission android:name="android.permission.INTERNET" />
15-->src\main\AndroidManifest.xml:5:5-66
15-->src\main\AndroidManifest.xml:5:22-64
16    <uses-permission android:name="android.permission.CAMERA" />
16-->src\main\AndroidManifest.xml:2:5-64
16-->src\main\AndroidManifest.xml:2:22-62
17    <uses-permission android:name="android.permission.READ_EXTERNAL_STORAGE" />
17-->src\main\AndroidManifest.xml:3:5-79
17-->src\main\AndroidManifest.xml:3:22-77
18    <uses-permission android:name="android.permission.WRITE_EXTERNAL_STORAGE" />
18-->src\main\AndroidManifest.xml:4:5-80
18-->src\main\AndroidManifest.xml:4:22-78
19    <uses-permission android:name="android.permission.RECORD_AUDIO" />
19-->src\main\AndroidManifest.xml:6:5-70
19-->src\main\AndroidManifest.xml:6:22-68
20    <!--
21 Required to query activities that can process text, see:
22         https://developer.android.com/training/package-visibility and
23         https://developer.android.com/reference/android/content/Intent#ACTION_PROCESS_TEXT.
24
25         In particular, this is used by the Flutter engine in io.flutter.plugin.text.ProcessTextPlugin.
26    -->
27    <queries>
27-->src\main\AndroidManifest.xml:47:5-52:15
28        <intent>
28-->src\main\AndroidManifest.xml:48:9-51:18
29            <action android:name="android.intent.action.PROCESS_TEXT" />
29-->src\main\AndroidManifest.xml:49:13-72
29-->src\main\AndroidManifest.xml:49:21-70
30
31            <data android:mimeType="text/plain" />
31-->src\main\AndroidManifest.xml:50:13-50
31-->src\main\AndroidManifest.xml:50:19-48
32        </intent>
33    </queries>
34
35    <permission
35-->[androidx.core:core:1.13.1] AndroidManifest.xml:22:5-24:47
36        android:name="com.example.flutter_application_1.DYNAMIC_RECEIVER_NOT_EXPORTED_PERMISSION"
36-->[androidx.core:core:1.13.1] AndroidManifest.xml:23:9-81
37        android:protectionLevel="signature" />
37-->[androidx.core:core:1.13.1] AndroidManifest.xml:24:9-44
38
39    <uses-permission android:name="com.example.flutter_application_1.DYNAMIC_RECEIVER_NOT_EXPORTED_PERMISSION" />
39-->[androidx.core:core:1.13.1] AndroidManifest.xml:26:5-97
39-->[androidx.core:core:1.13.1] AndroidManifest.xml:26:22-94
40
41    <application
42        android:name="android.app.Application"
43        android:appComponentFactory="androidx.core.app.CoreComponentFactory"
43-->[androidx.core:core:1.13.1] AndroidManifest.xml:28:18-86
44        android:debuggable="true"
45        android:extractNativeLibs="true"
46        android:icon="@mipmap/ic_launcher"
47        android:label="flutter_application_1" >
48        <activity
49            android:name="com.example.flutter_application_1.MainActivity"
50            android:configChanges="orientation|keyboardHidden|keyboard|screenSize|smallestScreenSize|locale|layoutDirection|fontScale|screenLayout|density|uiMode"
51            android:exported="true"
52            android:hardwareAccelerated="true"
53            android:launchMode="singleTop"
54            android:taskAffinity=""
55            android:theme="@style/LaunchTheme"
56            android:windowSoftInputMode="adjustResize" >
57
58            <!--
59                 Specifies an Android theme to apply to this Activity as soon as
60                 the Android process has started. This theme is visible to the user
61                 while the Flutter UI initializes. After that, this theme continues
62                 to determine the Window background behind the Flutter UI.
63            -->
64            <meta-data
65                android:name="io.flutter.embedding.android.NormalTheme"
66                android:resource="@style/NormalTheme" />
67
68            <intent-filter>
69                <action android:name="android.intent.action.MAIN" />
70
71                <category android:name="android.intent.category.LAUNCHER" />
72            </intent-filter>
73        </activity>
74        <!--
75             Don't delete the meta-data below.
76             This is used by the Flutter tool to generate GeneratedPluginRegistrant.java
77        -->
78        <meta-data
79            android:name="flutterEmbedding"
80            android:value="2" />
81
82        <provider
82-->[:flutter_email_sender] AndroidManifest.xml:8:9-16:20
83            android:name="com.sidlatau.flutteremailsender.FlutterEmailSenderFileProvider"
83-->[:flutter_email_sender] AndroidManifest.xml:9:13-90
84            android:authorities="com.example.flutter_application_1.file_provider"
84-->[:flutter_email_sender] AndroidManifest.xml:10:13-65
85            android:exported="false"
85-->[:flutter_email_sender] AndroidManifest.xml:11:13-37
86            android:grantUriPermissions="true" >
86-->[:flutter_email_sender] AndroidManifest.xml:12:13-47
87            <meta-data
87-->[:flutter_email_sender] AndroidManifest.xml:13:13-15:61
88                android:name="android.support.FILE_PROVIDER_PATHS"
88-->[:flutter_email_sender] AndroidManifest.xml:14:17-67
89                android:resource="@xml/shared_file_paths" />
89-->[:flutter_email_sender] AndroidManifest.xml:15:17-58
90        </provider>
91        <provider
91-->[:image_picker_android] AndroidManifest.xml:9:9-17:20
92            android:name="io.flutter.plugins.imagepicker.ImagePickerFileProvider"
92-->[:image_picker_android] AndroidManifest.xml:10:13-82
93            android:authorities="com.example.flutter_application_1.flutter.image_provider"
93-->[:image_picker_android] AndroidManifest.xml:11:13-74
94            android:exported="false"
94-->[:image_picker_android] AndroidManifest.xml:12:13-37
95            android:grantUriPermissions="true" >
95-->[:image_picker_android] AndroidManifest.xml:13:13-47
96            <meta-data
96-->[:flutter_email_sender] AndroidManifest.xml:13:13-15:61
97                android:name="android.support.FILE_PROVIDER_PATHS"
97-->[:flutter_email_sender] AndroidManifest.xml:14:17-67
98                android:resource="@xml/flutter_image_picker_file_paths" />
98-->[:flutter_email_sender] AndroidManifest.xml:15:17-58
99        </provider> <!-- Trigger Google Play services to install the backported photo picker module. -->
100        <service
100-->[:image_picker_android] AndroidManifest.xml:19:9-31:19
101            android:name="com.google.android.gms.metadata.ModuleDependencies"
101-->[:image_picker_android] AndroidManifest.xml:20:13-78
102            android:enabled="false"
102-->[:image_picker_android] AndroidManifest.xml:21:13-36
103            android:exported="false" >
103-->[:image_picker_android] AndroidManifest.xml:22:13-37
104            <intent-filter>
104-->[:image_picker_android] AndroidManifest.xml:24:13-26:29
105                <action android:name="com.google.android.gms.metadata.MODULE_DEPENDENCIES" />
105-->[:image_picker_android] AndroidManifest.xml:25:17-94
105-->[:image_picker_android] AndroidManifest.xml:25:25-91
106            </intent-filter>
107
108            <meta-data
108-->[:image_picker_android] AndroidManifest.xml:28:13-30:36
109                android:name="photopicker_activity:0:required"
109-->[:image_picker_android] AndroidManifest.xml:29:17-63
110                android:value="" />
110-->[:image_picker_android] AndroidManifest.xml:30:17-33
111        </service>
112
113        <activity
113-->[:url_launcher_android] AndroidManifest.xml:8:9-11:74
114            android:name="io.flutter.plugins.urllauncher.WebViewActivity"
114-->[:url_launcher_android] AndroidManifest.xml:9:13-74
115            android:exported="false"
115-->[:url_launcher_android] AndroidManifest.xml:10:13-37
116            android:theme="@android:style/Theme.NoTitleBar.Fullscreen" />
116-->[:url_launcher_android] AndroidManifest.xml:11:13-71
117
118        <uses-library
118-->[androidx.window:window:1.2.0] AndroidManifest.xml:23:9-25:40
119            android:name="androidx.window.extensions"
119-->[androidx.window:window:1.2.0] AndroidManifest.xml:24:13-54
120            android:required="false" />
120-->[androidx.window:window:1.2.0] AndroidManifest.xml:25:13-37
121        <uses-library
121-->[androidx.window:window:1.2.0] AndroidManifest.xml:26:9-28:40
122            android:name="androidx.window.sidecar"
122-->[androidx.window:window:1.2.0] AndroidManifest.xml:27:13-51
123            android:required="false" />
123-->[androidx.window:window:1.2.0] AndroidManifest.xml:28:13-37
124
125        <provider
125-->[androidx.emoji2:emoji2:1.2.0] AndroidManifest.xml:24:9-32:20
126            android:name="androidx.startup.InitializationProvider"
126-->[androidx.emoji2:emoji2:1.2.0] AndroidManifest.xml:25:13-67
127            android:authorities="com.example.flutter_application_1.androidx-startup"
127-->[androidx.emoji2:emoji2:1.2.0] AndroidManifest.xml:26:13-68
128            android:exported="false" >
128-->[androidx.emoji2:emoji2:1.2.0] AndroidManifest.xml:27:13-37
129            <meta-data
129-->[androidx.emoji2:emoji2:1.2.0] AndroidManifest.xml:29:13-31:52
130                android:name="androidx.emoji2.text.EmojiCompatInitializer"
130-->[androidx.emoji2:emoji2:1.2.0] AndroidManifest.xml:30:17-75
131                android:value="androidx.startup" />
131-->[androidx.emoji2:emoji2:1.2.0] AndroidManifest.xml:31:17-49
132            <meta-data
132-->[androidx.lifecycle:lifecycle-process:2.7.0] AndroidManifest.xml:29:13-31:52
133                android:name="androidx.lifecycle.ProcessLifecycleInitializer"
133-->[androidx.lifecycle:lifecycle-process:2.7.0] AndroidManifest.xml:30:17-78
134                android:value="androidx.startup" />
134-->[androidx.lifecycle:lifecycle-process:2.7.0] AndroidManifest.xml:31:17-49
135            <meta-data
135-->[androidx.profileinstaller:profileinstaller:1.3.1] AndroidManifest.xml:29:13-31:52
136                android:name="androidx.profileinstaller.ProfileInstallerInitializer"
136-->[androidx.profileinstaller:profileinstaller:1.3.1] AndroidManifest.xml:30:17-85
137                android:value="androidx.startup" />
137-->[androidx.profileinstaller:profileinstaller:1.3.1] AndroidManifest.xml:31:17-49
138        </provider>
139
140        <receiver
140-->[androidx.profileinstaller:profileinstaller:1.3.1] AndroidManifest.xml:34:9-52:20
141            android:name="androidx.profileinstaller.ProfileInstallReceiver"
141-->[androidx.profileinstaller:profileinstaller:1.3.1] AndroidManifest.xml:35:13-76
142            android:directBootAware="false"
142-->[androidx.profileinstaller:profileinstaller:1.3.1] AndroidManifest.xml:36:13-44
143            android:enabled="true"
143-->[androidx.profileinstaller:profileinstaller:1.3.1] AndroidManifest.xml:37:13-35
144            android:exported="true"
144-->[androidx.profileinstaller:profileinstaller:1.3.1] AndroidManifest.xml:38:13-36
145            android:permission="android.permission.DUMP" >
145-->[androidx.profileinstaller:profileinstaller:1.3.1] AndroidManifest.xml:39:13-57
146            <intent-filter>
146-->[androidx.profileinstaller:profileinstaller:1.3.1] AndroidManifest.xml:40:13-42:29
147                <action android:name="androidx.profileinstaller.action.INSTALL_PROFILE" />
147-->[androidx.profileinstaller:profileinstaller:1.3.1] AndroidManifest.xml:41:17-91
147-->[androidx.profileinstaller:profileinstaller:1.3.1] AndroidManifest.xml:41:25-88
148            </intent-filter>
149            <intent-filter>
149-->[androidx.profileinstaller:profileinstaller:1.3.1] AndroidManifest.xml:43:13-45:29
150                <action android:name="androidx.profileinstaller.action.SKIP_FILE" />
150-->[androidx.profileinstaller:profileinstaller:1.3.1] AndroidManifest.xml:44:17-85
150-->[androidx.profileinstaller:profileinstaller:1.3.1] AndroidManifest.xml:44:25-82
151            </intent-filter>
152            <intent-filter>
152-->[androidx.profileinstaller:profileinstaller:1.3.1] AndroidManifest.xml:46:13-48:29
153                <action android:name="androidx.profileinstaller.action.SAVE_PROFILE" />
153-->[androidx.profileinstaller:profileinstaller:1.3.1] AndroidManifest.xml:47:17-88
153-->[androidx.profileinstaller:profileinstaller:1.3.1] AndroidManifest.xml:47:25-85
154            </intent-filter>
155            <intent-filter>
155-->[androidx.profileinstaller:profileinstaller:1.3.1] AndroidManifest.xml:49:13-51:29
156                <action android:name="androidx.profileinstaller.action.BENCHMARK_OPERATION" />
156-->[androidx.profileinstaller:profileinstaller:1.3.1] AndroidManifest.xml:50:17-95
156-->[androidx.profileinstaller:profileinstaller:1.3.1] AndroidManifest.xml:50:25-92
157            </intent-filter>
158        </receiver>
159    </application>
160
161</manifest>